FULL RUN LOG:
SPDX NON-COMPLIANT FILES
/usr/local/workspace/Caravel-QLSOFA-HD/.travis.yml
/usr/local/workspace/Caravel-QLSOFA-HD/Makefile
/usr/local/workspace/Caravel-QLSOFA-HD/mpw-one-a.md
/usr/local/workspace/Caravel-QLSOFA-HD/.travisCI/runPrecheck.sh
/usr/local/workspace/Caravel-QLSOFA-HD/.travisCI/travisBuild.sh
/usr/local/workspace/Caravel-QLSOFA-HD/doc/caravel_datasheet.ps
/usr/local/workspace/Caravel-QLSOFA-HD/gds/gds2mag-all.sh
/usr/local/workspace/Caravel-QLSOFA-HD/gds/gen_caravel.tcl
/usr/local/workspace/Caravel-QLSOFA-HD/mag/.magicrc
/usr/local/workspace/Caravel-QLSOFA-HD/mag/bump_bond.tcl
/usr/local/workspace/Caravel-QLSOFA-HD/mag/dot.magicrc.dist
/usr/local/workspace/Caravel-QLSOFA-HD/mag/mag2maglef-all.sh
/usr/local/workspace/Caravel-QLSOFA-HD/mag/run_lvs_por.sh
/usr/local/workspace/Caravel-QLSOFA-HD/maglef/.magicrc
/usr/local/workspace/Caravel-QLSOFA-HD/ngspice/digital_pll/digital_pll.spice
/usr/local/workspace/Caravel-QLSOFA-HD/ngspice/digital_pll/digital_pll_controller.xspice
/usr/local/workspace/Caravel-QLSOFA-HD/ngspice/digital_pll/digital_pll_tb.spice
/usr/local/workspace/Caravel-QLSOFA-HD/ngspice/digital_pll/inverter_tb.spi
/usr/local/workspace/Caravel-QLSOFA-HD/ngspice/digital_pll/ring_osc2x13.spice
/usr/local/workspace/Caravel-QLSOFA-HD/ngspice/digital_pll/ring_osc2x13.spice.bak
/usr/local/workspace/Caravel-QLSOFA-HD/ngspice/digital_pll/ring_osc2x13_tb.spice
/usr/local/workspace/Caravel-QLSOFA-HD/ngspice/digital_pll/ring_osc2x13_tb2.spice
/usr/local/workspace/Caravel-QLSOFA-HD/ngspice/simple_por/current_test.spice
/usr/local/workspace/Caravel-QLSOFA-HD/ngspice/simple_por/simple_por.spice
/usr/local/workspace/Caravel-QLSOFA-HD/ngspice/simple_por/simple_por_tb.spice
/usr/local/workspace/Caravel-QLSOFA-HD/ngspice/simple_por/threshold_test_tb.spice
/usr/local/workspace/Caravel-QLSOFA-HD/openlane/Makefile
/usr/local/workspace/Caravel-QLSOFA-HD/openlane/README.md
/usr/local/workspace/Caravel-QLSOFA-HD/openlane/chip_dimensions.txt
/usr/local/workspace/Caravel-QLSOFA-HD/openlane/DFFRAM/README.md
/usr/local/workspace/Caravel-QLSOFA-HD/openlane/DFFRAM/config.tcl
/usr/local/workspace/Caravel-QLSOFA-HD/openlane/DFFRAM/pdn.tcl
/usr/local/workspace/Caravel-QLSOFA-HD/openlane/caravel/config.tcl
/usr/local/workspace/Caravel-QLSOFA-HD/openlane/caravel/interactive.lvs.tcl
/usr/local/workspace/Caravel-QLSOFA-HD/openlane/caravel/interactive.tcl
/usr/local/workspace/Caravel-QLSOFA-HD/openlane/chip_io/config.tcl
/usr/local/workspace/Caravel-QLSOFA-HD/openlane/chip_io/interactive.tcl
/usr/local/workspace/Caravel-QLSOFA-HD/openlane/digital_pll/config.tcl
/usr/local/workspace/Caravel-QLSOFA-HD/openlane/digital_pll/pdn.tcl
/usr/local/workspace/Caravel-QLSOFA-HD/openlane/gpio_control_block/config.tcl
/usr/local/workspace/Caravel-QLSOFA-HD/openlane/mgmt_core/config.tcl
/usr/local/workspace/Caravel-QLSOFA-HD/openlane/mgmt_core/pdn.tcl
/usr/local/workspace/Caravel-QLSOFA-HD/openlane/mgmt_protect/config.tcl
/usr/local/workspace/Caravel-QLSOFA-HD/openlane/mgmt_protect_hv/config.tcl
/usr/local/workspace/Caravel-QLSOFA-HD/openlane/sky130_fd_sc_hvl__lsbufhv2lv_1_wrapped/config.tcl
/usr/local/workspace/Caravel-QLSOFA-HD/openlane/storage/config.tcl
/usr/local/workspace/Caravel-QLSOFA-HD/openlane/storage/pdn.tcl
/usr/local/workspace/Caravel-QLSOFA-HD/openlane/user_id_programming/config.tcl
/usr/local/workspace/Caravel-QLSOFA-HD/openlane/user_proj_example/config.tcl
/usr/local/workspace/Caravel-QLSOFA-HD/openlane/user_project_wrapper/config.tcl
/usr/local/workspace/Caravel-QLSOFA-HD/openlane/user_project_wrapper/interactive.tcl
/usr/local/workspace/Caravel-QLSOFA-HD/openlane/user_project_wrapper/pdn.tcl
/usr/local/workspace/Caravel-QLSOFA-HD/openlane/user_project_wrapper_empty/config.tcl
/usr/local/workspace/Caravel-QLSOFA-HD/openlane/user_project_wrapper_empty/gen_pdn.tcl
/usr/local/workspace/Caravel-QLSOFA-HD/openlane/user_project_wrapper_empty/interactive.tcl
/usr/local/workspace/Caravel-QLSOFA-HD/openlane/user_project_wrapper_empty/pdn.tcl
/usr/local/workspace/Caravel-QLSOFA-HD/qflow/README
/usr/local/workspace/Caravel-QLSOFA-HD/qflow/digital_pll_controller/project_vars.sh
/usr/local/workspace/Caravel-QLSOFA-HD/qflow/digital_pll_controller/qflow_exec.sh
/usr/local/workspace/Caravel-QLSOFA-HD/qflow/digital_pll_controller/qflow_vars.sh
/usr/local/workspace/Caravel-QLSOFA-HD/qflow/digital_pll_controller/layout/.magicrc
/usr/local/workspace/Caravel-QLSOFA-HD/qflow/digital_pll_controller/layout/.magicrc.orig
/usr/local/workspace/Caravel-QLSOFA-HD/qflow/digital_pll_controller/layout/digital_pll_controller.par
/usr/local/workspace/Caravel-QLSOFA-HD/qflow/digital_pll_controller/source/digital_pll_controller.v
/usr/local/workspace/Caravel-QLSOFA-HD/qflow/ring_osc2x13/project_vars.sh
/usr/local/workspace/Caravel-QLSOFA-HD/qflow/ring_osc2x13/qflow_exec.sh
/usr/local/workspace/Caravel-QLSOFA-HD/qflow/ring_osc2x13/qflow_vars.sh
/usr/local/workspace/Caravel-QLSOFA-HD/qflow/ring_osc2x13/layout/.magicrc
/usr/local/workspace/Caravel-QLSOFA-HD/qflow/ring_osc2x13/layout/.magicrc.orig
/usr/local/workspace/Caravel-QLSOFA-HD/qflow/ring_osc2x13/layout/ring_osc2x13.par
/usr/local/workspace/Caravel-QLSOFA-HD/qflow/ring_osc2x13/source/ring_osc2x13.v
/usr/local/workspace/Caravel-QLSOFA-HD/scripts/set_user_id.py
/usr/local/workspace/Caravel-QLSOFA-HD/spi/lvs/DFFRAM.spice
/usr/local/workspace/Caravel-QLSOFA-HD/spi/lvs/chip_io.spice
/usr/local/workspace/Caravel-QLSOFA-HD/spi/lvs/digital_pll.spice
/usr/local/workspace/Caravel-QLSOFA-HD/spi/lvs/gpio_control_block.spice
/usr/local/workspace/Caravel-QLSOFA-HD/spi/lvs/mgmt_core.spice
/usr/local/workspace/Caravel-QLSOFA-HD/spi/lvs/mgmt_protect.spice
/usr/local/workspace/Caravel-QLSOFA-HD/spi/lvs/mgmt_protect_hv.spice
/usr/local/workspace/Caravel-QLSOFA-HD/spi/lvs/run_lvs.sh
/usr/local/workspace/Caravel-QLSOFA-HD/spi/lvs/simple_por.spice
/usr/local/workspace/Caravel-QLSOFA-HD/spi/lvs/sky130_fd_sc_hvl__lsbufhv2lv_1_wrapped.spice
/usr/local/workspace/Caravel-QLSOFA-HD/spi/lvs/storage.spice
/usr/local/workspace/Caravel-QLSOFA-HD/spi/lvs/user_id_programming.spice
/usr/local/workspace/Caravel-QLSOFA-HD/spi/lvs/user_proj_example.spice
/usr/local/workspace/Caravel-QLSOFA-HD/spi/lvs/user_project_wrapper.spice
/usr/local/workspace/Caravel-QLSOFA-HD/utils/MAGIC.txt
/usr/local/workspace/Caravel-QLSOFA-HD/utils/README.txt
/usr/local/workspace/Caravel-QLSOFA-HD/utils/addmpwseal.tcl
/usr/local/workspace/Caravel-QLSOFA-HD/utils/drc-def-sky130A.sh
/usr/local/workspace/Caravel-QLSOFA-HD/utils/drc-gds-sky130A.sh
/usr/local/workspace/Caravel-QLSOFA-HD/utils/drc-mag-sky130A.sh
/usr/local/workspace/Caravel-QLSOFA-HD/utils/ext-def-sky130A.sh
/usr/local/workspace/Caravel-QLSOFA-HD/utils/ext-gds-sky130A.sh
/usr/local/workspace/Caravel-QLSOFA-HD/utils/ext-mag-sky130A.sh
/usr/local/workspace/Caravel-QLSOFA-HD/utils/gds2mag-mag.local.sh
/usr/local/workspace/Caravel-QLSOFA-HD/utils/gds2mag-mag.sh
/usr/local/workspace/Caravel-QLSOFA-HD/utils/lef2maglef.sh
/usr/local/workspace/Caravel-QLSOFA-HD/utils/mag2maglef-mag.sh
/usr/local/workspace/Caravel-QLSOFA-HD/utils/mag2maglef-maglef.localrc.sh
/usr/local/workspace/Caravel-QLSOFA-HD/utils/mag2maglef-maglef.sh
/usr/local/workspace/Caravel-QLSOFA-HD/utils/magicDrc
/usr/local/workspace/Caravel-QLSOFA-HD/utils/magicGdrc
/usr/local/workspace/Caravel-QLSOFA-HD/utils/core_scripts/README.md
/usr/local/workspace/Caravel-QLSOFA-HD/utils/core_scripts/magic-drc.sh
/usr/local/workspace/Caravel-QLSOFA-HD/utils/core_scripts/magic-drc.tcl
/usr/local/workspace/Caravel-QLSOFA-HD/utils/core_scripts/magic-ext.sh
/usr/local/workspace/Caravel-QLSOFA-HD/utils/core_scripts/magic-ext.tcl
/usr/local/workspace/Caravel-QLSOFA-HD/utils/examples/README.md
/usr/local/workspace/Caravel-QLSOFA-HD/utils/examples/addmpwseal.tcl
/usr/local/workspace/Caravel-QLSOFA-HD/utils/examples/create-project.sh
/usr/local/workspace/Caravel-QLSOFA-HD/utils/examples/dot.magicrc
/usr/local/workspace/Caravel-QLSOFA-HD/utils/examples/drc-mag.sh
/usr/local/workspace/Caravel-QLSOFA-HD/utils/examples/drc-maglef.sh
/usr/local/workspace/Caravel-QLSOFA-HD/utils/examples/drc.sh
/usr/local/workspace/Caravel-QLSOFA-HD/utils/examples/edit.tcl
/usr/local/workspace/Caravel-QLSOFA-HD/utils/examples/ext-gds.sh
/usr/local/workspace/Caravel-QLSOFA-HD/utils/examples/ext-mag.sh
/usr/local/workspace/Caravel-QLSOFA-HD/utils/examples/ext.sh
/usr/local/workspace/Caravel-QLSOFA-HD/utils/examples/extract.tcl
/usr/local/workspace/Caravel-QLSOFA-HD/utils/examples/lvs.sh
/usr/local/workspace/Caravel-QLSOFA-HD/utils/examples/mag2gds.tcl
/usr/local/workspace/Caravel-QLSOFA-HD/utils/examples/magic_drc.tcl
/usr/local/workspace/Caravel-QLSOFA-HD/utils/examples/pfg.sh
/usr/local/workspace/Caravel-QLSOFA-HD/utils/examples/run_openram_tc_1kb.sh
/usr/local/workspace/Caravel-QLSOFA-HD/utils/examples/setup.tcl
/usr/local/workspace/Caravel-QLSOFA-HD/utils/examples/wrap.tcl
/usr/local/workspace/Caravel-QLSOFA-HD/utils/examples/wrap2.tcl
/usr/local/workspace/Caravel-QLSOFA-HD/utils/examples/xor.sh
/usr/local/workspace/Caravel-QLSOFA-HD/verilog/dv/dummy_slave.v
/usr/local/workspace/Caravel-QLSOFA-HD/verilog/dv/caravel/defs.h
/usr/local/workspace/Caravel-QLSOFA-HD/verilog/dv/caravel/sections.lds
/usr/local/workspace/Caravel-QLSOFA-HD/verilog/dv/caravel/spiflash.v
/usr/local/workspace/Caravel-QLSOFA-HD/verilog/dv/caravel/start.s
/usr/local/workspace/Caravel-QLSOFA-HD/verilog/dv/caravel/stub.c
/usr/local/workspace/Caravel-QLSOFA-HD/verilog/dv/caravel/tbuart.v
/usr/local/workspace/Caravel-QLSOFA-HD/verilog/dv/caravel/mgmt_soc/Makefile
/usr/local/workspace/Caravel-QLSOFA-HD/verilog/dv/caravel/mgmt_soc/gpio/Makefile
/usr/local/workspace/Caravel-QLSOFA-HD/verilog/dv/caravel/mgmt_soc/gpio/README
/usr/local/workspace/Caravel-QLSOFA-HD/verilog/dv/caravel/mgmt_soc/gpio/gpio.c
/usr/local/workspace/Caravel-QLSOFA-HD/verilog/dv/caravel/mgmt_soc/gpio/gpio_tb.v
/usr/local/workspace/Caravel-QLSOFA-HD/verilog/dv/caravel/mgmt_soc/hkspi/Makefile
/usr/local/workspace/Caravel-QLSOFA-HD/verilog/dv/caravel/mgmt_soc/hkspi/hkspi.c
/usr/local/workspace/Caravel-QLSOFA-HD/verilog/dv/caravel/mgmt_soc/hkspi/hkspi_tb.v
/usr/local/workspace/Caravel-QLSOFA-HD/verilog/dv/caravel/mgmt_soc/mem/Makefile
/usr/local/workspace/Caravel-QLSOFA-HD/verilog/dv/caravel/mgmt_soc/mem/mem.c
/usr/local/workspace/Caravel-QLSOFA-HD/verilog/dv/caravel/mgmt_soc/mem/mem_tb.v
/usr/local/workspace/Caravel-QLSOFA-HD/verilog/dv/caravel/mgmt_soc/mprj_ctrl/Makefile
/usr/local/workspace/Caravel-QLSOFA-HD/verilog/dv/caravel/mgmt_soc/mprj_ctrl/mprj_ctrl.c
/usr/local/workspace/Caravel-QLSOFA-HD/verilog/dv/caravel/mgmt_soc/mprj_ctrl/mprj_ctrl_tb.v
/usr/local/workspace/Caravel-QLSOFA-HD/verilog/dv/caravel/mgmt_soc/pass_thru/Makefile
/usr/local/workspace/Caravel-QLSOFA-HD/verilog/dv/caravel/mgmt_soc/pass_thru/pass_thru.c
/usr/local/workspace/Caravel-QLSOFA-HD/verilog/dv/caravel/mgmt_soc/pass_thru/pass_thru_tb.v
/usr/local/workspace/Caravel-QLSOFA-HD/verilog/dv/caravel/mgmt_soc/perf/Makefile
/usr/local/workspace/Caravel-QLSOFA-HD/verilog/dv/caravel/mgmt_soc/perf/perf.c
/usr/local/workspace/Caravel-QLSOFA-HD/verilog/dv/caravel/mgmt_soc/perf/perf_tb.v
/usr/local/workspace/Caravel-QLSOFA-HD/verilog/dv/caravel/mgmt_soc/pll/Makefile
/usr/local/workspace/Caravel-QLSOFA-HD/verilog/dv/caravel/mgmt_soc/pll/pll.c
/usr/local/workspace/Caravel-QLSOFA-HD/verilog/dv/caravel/mgmt_soc/pll/pll_tb.v
/usr/local/workspace/Caravel-QLSOFA-HD/verilog/dv/caravel/mgmt_soc/storage/Makefile
/usr/local/workspace/Caravel-QLSOFA-HD/verilog/dv/caravel/mgmt_soc/storage/storage.c
/usr/local/workspace/Caravel-QLSOFA-HD/verilog/dv/caravel/mgmt_soc/storage/storage_tb.v
/usr/local/workspace/Caravel-QLSOFA-HD/verilog/dv/caravel/mgmt_soc/sysctrl/Makefile
/usr/local/workspace/Caravel-QLSOFA-HD/verilog/dv/caravel/mgmt_soc/sysctrl/sysctrl.c
/usr/local/workspace/Caravel-QLSOFA-HD/verilog/dv/caravel/mgmt_soc/sysctrl/sysctrl_tb.v
/usr/local/workspace/Caravel-QLSOFA-HD/verilog/dv/caravel/mgmt_soc/timer/Makefile
/usr/local/workspace/Caravel-QLSOFA-HD/verilog/dv/caravel/mgmt_soc/timer/timer.c
/usr/local/workspace/Caravel-QLSOFA-HD/verilog/dv/caravel/mgmt_soc/timer/timer_tb.v
/usr/local/workspace/Caravel-QLSOFA-HD/verilog/dv/caravel/mgmt_soc/timer2/Makefile
/usr/local/workspace/Caravel-QLSOFA-HD/verilog/dv/caravel/mgmt_soc/timer2/timer2.c
/usr/local/workspace/Caravel-QLSOFA-HD/verilog/dv/caravel/mgmt_soc/timer2/timer2_tb.v
/usr/local/workspace/Caravel-QLSOFA-HD/verilog/dv/caravel/mgmt_soc/uart/Makefile
/usr/local/workspace/Caravel-QLSOFA-HD/verilog/dv/caravel/mgmt_soc/uart/uart.c
/usr/local/workspace/Caravel-QLSOFA-HD/verilog/dv/caravel/mgmt_soc/uart/uart_tb.v
/usr/local/workspace/Caravel-QLSOFA-HD/verilog/dv/caravel/user_proj_example/Makefile
/usr/local/workspace/Caravel-QLSOFA-HD/verilog/dv/caravel/user_proj_example/README.md
/usr/local/workspace/Caravel-QLSOFA-HD/verilog/dv/caravel/user_proj_example/io_ports/Makefile
/usr/local/workspace/Caravel-QLSOFA-HD/verilog/dv/caravel/user_proj_example/io_ports/io_ports.c
/usr/local/workspace/Caravel-QLSOFA-HD/verilog/dv/caravel/user_proj_example/io_ports/io_ports_tb.v
/usr/local/workspace/Caravel-QLSOFA-HD/verilog/dv/caravel/user_proj_example/la_test1/Makefile
/usr/local/workspace/Caravel-QLSOFA-HD/verilog/dv/caravel/user_proj_example/la_test1/la_test1.c
/usr/local/workspace/Caravel-QLSOFA-HD/verilog/dv/caravel/user_proj_example/la_test1/la_test1_tb.v
/usr/local/workspace/Caravel-QLSOFA-HD/verilog/dv/caravel/user_proj_example/la_test2/Makefile
/usr/local/workspace/Caravel-QLSOFA-HD/verilog/dv/caravel/user_proj_example/la_test2/la_test2.c
/usr/local/workspace/Caravel-QLSOFA-HD/verilog/dv/caravel/user_proj_example/la_test2/la_test2_tb.v
/usr/local/workspace/Caravel-QLSOFA-HD/verilog/dv/wb_utests/Makefile
/usr/local/workspace/Caravel-QLSOFA-HD/verilog/dv/wb_utests/gpio_wb/Makefile
/usr/local/workspace/Caravel-QLSOFA-HD/verilog/dv/wb_utests/gpio_wb/gpio_wb_tb.v
/usr/local/workspace/Caravel-QLSOFA-HD/verilog/dv/wb_utests/intercon_wb/Makefile
/usr/local/workspace/Caravel-QLSOFA-HD/verilog/dv/wb_utests/intercon_wb/intercon_wb_tb.v
/usr/local/workspace/Caravel-QLSOFA-HD/verilog/dv/wb_utests/la_wb/Makefile
/usr/local/workspace/Caravel-QLSOFA-HD/verilog/dv/wb_utests/la_wb/la_wb_tb.v
/usr/local/workspace/Caravel-QLSOFA-HD/verilog/dv/wb_utests/mem_wb/Makefile
/usr/local/workspace/Caravel-QLSOFA-HD/verilog/dv/wb_utests/mem_wb/mem_wb_tb.v
/usr/local/workspace/Caravel-QLSOFA-HD/verilog/dv/wb_utests/mprj_ctrl/Makefile
/usr/local/workspace/Caravel-QLSOFA-HD/verilog/dv/wb_utests/mprj_ctrl/mprj_ctrl_tb.v
/usr/local/workspace/Caravel-QLSOFA-HD/verilog/dv/wb_utests/spi_sysctrl_wb/Makefile
/usr/local/workspace/Caravel-QLSOFA-HD/verilog/dv/wb_utests/spi_sysctrl_wb/spi_sysctrl_wb_tb.v
/usr/local/workspace/Caravel-QLSOFA-HD/verilog/dv/wb_utests/spimemio_wb/Makefile
/usr/local/workspace/Caravel-QLSOFA-HD/verilog/dv/wb_utests/spimemio_wb/spimemio_wb_tb.v
/usr/local/workspace/Caravel-QLSOFA-HD/verilog/dv/wb_utests/storage_wb/Makefile
/usr/local/workspace/Caravel-QLSOFA-HD/verilog/dv/wb_utests/storage_wb/storage_wb_tb.v
/usr/local/workspace/Caravel-QLSOFA-HD/verilog/dv/wb_utests/sysctrl_wb/Makefile
/usr/local/workspace/Caravel-QLSOFA-HD/verilog/dv/wb_utests/sysctrl_wb/sysctrl_wb_tb.v
/usr/local/workspace/Caravel-QLSOFA-HD/verilog/dv/wb_utests/uart_wb/Makefile
/usr/local/workspace/Caravel-QLSOFA-HD/verilog/dv/wb_utests/uart_wb/uart_wb_tb.v
/usr/local/workspace/Caravel-QLSOFA-HD/verilog/gl/DFFRAM.v
/usr/local/workspace/Caravel-QLSOFA-HD/verilog/gl/caravel.v
/usr/local/workspace/Caravel-QLSOFA-HD/verilog/gl/chip_io.v
/usr/local/workspace/Caravel-QLSOFA-HD/verilog/gl/digital_pll.v
/usr/local/workspace/Caravel-QLSOFA-HD/verilog/gl/gpio_control_block.v
/usr/local/workspace/Caravel-QLSOFA-HD/verilog/gl/mgmt_core.v
/usr/local/workspace/Caravel-QLSOFA-HD/verilog/gl/mgmt_protect.v
/usr/local/workspace/Caravel-QLSOFA-HD/verilog/gl/mgmt_protect_hv.v
/usr/local/workspace/Caravel-QLSOFA-HD/verilog/gl/simple_por.v
/usr/local/workspace/Caravel-QLSOFA-HD/verilog/gl/sky130_fd_sc_hvl__lsbufhv2lv_1_wrapped.v
/usr/local/workspace/Caravel-QLSOFA-HD/verilog/gl/storage.v
/usr/local/workspace/Caravel-QLSOFA-HD/verilog/gl/user_id_programming.v
/usr/local/workspace/Caravel-QLSOFA-HD/verilog/gl/user_proj_example.v
/usr/local/workspace/Caravel-QLSOFA-HD/verilog/gl/user_project_wrapper.v
/usr/local/workspace/Caravel-QLSOFA-HD/verilog/rtl/DFFRAM.v
/usr/local/workspace/Caravel-QLSOFA-HD/verilog/rtl/DFFRAMBB.v
/usr/local/workspace/Caravel-QLSOFA-HD/verilog/rtl/README
/usr/local/workspace/Caravel-QLSOFA-HD/verilog/rtl/caravel.v
/usr/local/workspace/Caravel-QLSOFA-HD/verilog/rtl/caravel_clocking.v
/usr/local/workspace/Caravel-QLSOFA-HD/verilog/rtl/chip_io.v
/usr/local/workspace/Caravel-QLSOFA-HD/verilog/rtl/clock_div.v
/usr/local/workspace/Caravel-QLSOFA-HD/verilog/rtl/convert_gpio_sigs.v
/usr/local/workspace/Caravel-QLSOFA-HD/verilog/rtl/counter_timer_high.v
/usr/local/workspace/Caravel-QLSOFA-HD/verilog/rtl/counter_timer_low.v
/usr/local/workspace/Caravel-QLSOFA-HD/verilog/rtl/defines.v
/usr/local/workspace/Caravel-QLSOFA-HD/verilog/rtl/digital_pll.v
/usr/local/workspace/Caravel-QLSOFA-HD/verilog/rtl/digital_pll_controller.v
/usr/local/workspace/Caravel-QLSOFA-HD/verilog/rtl/gpio_control_block.v
/usr/local/workspace/Caravel-QLSOFA-HD/verilog/rtl/gpio_wb.v
/usr/local/workspace/Caravel-QLSOFA-HD/verilog/rtl/housekeeping_spi.v
/usr/local/workspace/Caravel-QLSOFA-HD/verilog/rtl/la_wb.v
/usr/local/workspace/Caravel-QLSOFA-HD/verilog/rtl/mem_wb.v
/usr/local/workspace/Caravel-QLSOFA-HD/verilog/rtl/mgmt_core.v
/usr/local/workspace/Caravel-QLSOFA-HD/verilog/rtl/mgmt_protect.v
/usr/local/workspace/Caravel-QLSOFA-HD/verilog/rtl/mgmt_protect_hv.v
/usr/local/workspace/Caravel-QLSOFA-HD/verilog/rtl/mgmt_soc.v
/usr/local/workspace/Caravel-QLSOFA-HD/verilog/rtl/mprj_ctrl.v
/usr/local/workspace/Caravel-QLSOFA-HD/verilog/rtl/mprj_io.v
/usr/local/workspace/Caravel-QLSOFA-HD/verilog/rtl/pads.v
/usr/local/workspace/Caravel-QLSOFA-HD/verilog/rtl/picorv32.v
/usr/local/workspace/Caravel-QLSOFA-HD/verilog/rtl/ring_osc2x13.v
/usr/local/workspace/Caravel-QLSOFA-HD/verilog/rtl/simple_por.v
/usr/local/workspace/Caravel-QLSOFA-HD/verilog/rtl/simple_spi_master.v
/usr/local/workspace/Caravel-QLSOFA-HD/verilog/rtl/simpleuart.v
/usr/local/workspace/Caravel-QLSOFA-HD/verilog/rtl/sky130_fd_sc_hvl__lsbufhv2lv_1_wrapped.v
/usr/local/workspace/Caravel-QLSOFA-HD/verilog/rtl/spimemio.v
/usr/local/workspace/Caravel-QLSOFA-HD/verilog/rtl/sram_1rw1r_32_256_8_sky130.v
/usr/local/workspace/Caravel-QLSOFA-HD/verilog/rtl/storage.v
/usr/local/workspace/Caravel-QLSOFA-HD/verilog/rtl/storage_bridge_wb.v
/usr/local/workspace/Caravel-QLSOFA-HD/verilog/rtl/sysctrl.v
/usr/local/workspace/Caravel-QLSOFA-HD/verilog/rtl/user_id_programming.v
/usr/local/workspace/Caravel-QLSOFA-HD/verilog/rtl/user_proj_example.v
/usr/local/workspace/Caravel-QLSOFA-HD/verilog/rtl/user_project_wrapper.v
/usr/local/workspace/Caravel-QLSOFA-HD/verilog/rtl/wb_intercon.v
/usr/local/workspace/Caravel-QLSOFA-HD/verilog/stubs/sky130_fd_io__top_xres4v2.v
